Release 14.7 - xst P.20131013 (nt)
Copyright (c) 1995-2013 Xilinx, Inc.  All rights reserved.
--> Parameter TMPDIR set to xst/projnav.tmp


Total REAL time to Xst completion: 0.00 secs
Total CPU time to Xst completion: 0.10 secs
 
--> Parameter xsthdpdir set to xst


Total REAL time to Xst completion: 0.00 secs
Total CPU time to Xst completion: 0.10 secs
 
--> Reading design: Main.prj

TABLE OF CONTENTS
  1) Synthesis Options Summary
  2) HDL Compilation
  3) Design Hierarchy Analysis
  4) HDL Analysis
  5) HDL Synthesis
     5.1) HDL Synthesis Report
  6) Advanced HDL Synthesis
     6.1) Advanced HDL Synthesis Report
  7) Low Level Synthesis
  8) Partition Report
  9) Final Report
	9.1) Device utilization summary
	9.2) Partition Resource Summary
	9.3) TIMING REPORT


=========================================================================
*                      Synthesis Options Summary                        *
=========================================================================
---- Source Parameters
Input File Name                    : "Main.prj"
Input Format                       : mixed
Ignore Synthesis Constraint File   : NO

---- Target Parameters
Output File Name                   : "Main"
Output Format                      : NGC
Target Device                      : xc3s500e-5-ft256

---- Source Options
Top Module Name                    : Main
Automatic FSM Extraction           : YES
FSM Encoding Algorithm             : Auto
Safe Implementation                : No
FSM Style                          : LUT
RAM Extraction                     : Yes
RAM Style                          : Auto
ROM Extraction                     : Yes
Mux Style                          : Auto
Decoder Extraction                 : YES
Priority Encoder Extraction        : Yes
Shift Register Extraction          : YES
Logical Shifter Extraction         : YES
XOR Collapsing                     : YES
ROM Style                          : Auto
Mux Extraction                     : Yes
Resource Sharing                   : YES
Asynchronous To Synchronous        : NO
Multiplier Style                   : Auto
Automatic Register Balancing       : No

---- Target Options
Add IO Buffers                     : YES
Global Maximum Fanout              : 100000
Add Generic Clock Buffer(BUFG)     : 24
Register Duplication               : YES
Slice Packing                      : YES
Optimize Instantiated Primitives   : NO
Use Clock Enable                   : Yes
Use Synchronous Set                : Yes
Use Synchronous Reset              : Yes
Pack IO Registers into IOBs        : Auto
Equivalent register Removal        : YES

---- General Options
Optimization Goal                  : Speed
Optimization Effort                : 1
Keep Hierarchy                     : No
Netlist Hierarchy                  : As_Optimized
RTL Output                         : Yes
Global Optimization                : AllClockNets
Read Cores                         : YES
Write Timing Constraints           : NO
Cross Clock Analysis               : NO
Hierarchy Separator                : /
Bus Delimiter                      : <>
Case Specifier                     : Maintain
Slice Utilization Ratio            : 100
BRAM Utilization Ratio             : 100
Verilog 2001                       : YES
Auto BRAM Packing                  : NO
Slice Utilization Ratio Delta      : 5

=========================================================================


=========================================================================
*                          HDL Compilation                              *
=========================================================================
Compiling verilog file "VGA_LOGIC.v" in library work
Compiling verilog file "Main.v" in library work
Module <VGA_LOGIC> compiled
Module <Main> compiled
No errors in compilation
Analysis of file <"Main.prj"> succeeded.
 

=========================================================================
*                     Design Hierarchy Analysis                         *
=========================================================================
Analyzing hierarchy for module <Main> in library <work>.

Analyzing hierarchy for module <VGA_LOGIC> in library <work>.

WARNING:Xst:2591 - "Main.v" line 18: attribute on instance <CLKFX_DIVIDE> overrides generic/parameter on entity. It is possible that simulator will not take this attribute into account.
WARNING:Xst:2591 - "Main.v" line 18: attribute on instance <CLKFX_MULTIPLY> overrides generic/parameter on entity. It is possible that simulator will not take this attribute into account.

=========================================================================
*                            HDL Analysis                               *
=========================================================================
Analyzing top module <Main>.
Module <Main> is correct for synthesis.
 
    Set user-defined property "CLKDV_DIVIDE =  2.000000" for instance <vga_clock_dcm> in unit <Main>.
    Set user-defined property "CLKFX_DIVIDE =  4" for instance <vga_clock_dcm> in unit <Main>.
    Set user-defined property "CLKFX_MULTIPLY =  2" for instance <vga_clock_dcm> in unit <Main>.
    Set user-defined property "CLKIN_DIVIDE_BY_2 =  FALSE" for instance <vga_clock_dcm> in unit <Main>.
    Set user-defined property "CLKIN_PERIOD =  10.000000" for instance <vga_clock_dcm> in unit <Main>.
    Set user-defined property "CLKOUT_PHASE_SHIFT =  NONE" for instance <vga_clock_dcm> in unit <Main>.
    Set user-defined property "CLK_FEEDBACK =  1X" for instance <vga_clock_dcm> in unit <Main>.
    Set user-defined property "DESKEW_ADJUST =  SYSTEM_SYNCHRONOUS" for instance <vga_clock_dcm> in unit <Main>.
    Set user-defined property "DFS_FREQUENCY_MODE =  LOW" for instance <vga_clock_dcm> in unit <Main>.
    Set user-defined property "DLL_FREQUENCY_MODE =  LOW" for instance <vga_clock_dcm> in unit <Main>.
    Set user-defined property "DSS_MODE =  NONE" for instance <vga_clock_dcm> in unit <Main>.
    Set user-defined property "DUTY_CYCLE_CORRECTION =  TRUE" for instance <vga_clock_dcm> in unit <Main>.
    Set user-defined property "FACTORY_JF =  C080" for instance <vga_clock_dcm> in unit <Main>.
    Set user-defined property "PHASE_SHIFT =  0" for instance <vga_clock_dcm> in unit <Main>.
    Set user-defined property "SIM_MODE =  SAFE" for instance <vga_clock_dcm> in unit <Main>.
    Set user-defined property "STARTUP_WAIT =  FALSE" for instance <vga_clock_dcm> in unit <Main>.
Analyzing module <VGA_LOGIC> in library <work>.
Module <VGA_LOGIC> is correct for synthesis.
 

=========================================================================
*                           HDL Synthesis                               *
=========================================================================

Performing bidirectional port resolution...

Synthesizing Unit <VGA_LOGIC>.
    Related source file is "VGA_LOGIC.v".
    Found 1-bit register for signal <vsync>.
    Found 1-bit register for signal <blue_out>.
    Found 1-bit register for signal <red_out>.
    Found 1-bit register for signal <green_out>.
    Found 1-bit register for signal <hsync>.
    Found 10-bit register for signal <hcount>.
    Found 10-bit comparator greatequal for signal <hsync$cmp_ge0000> created at line 40.
    Found 10-bit comparator less for signal <hsync$cmp_lt0000> created at line 40.
    Found 10-bit adder for signal <old_hcount_2$addsub0000> created at line 31.
    Found 10-bit adder for signal <old_vcount_1$addsub0000> created at line 28.
    Found 10-bit comparator less for signal <red_out$cmp_lt0000> created at line 46.
    Found 10-bit comparator less for signal <red_out$cmp_lt0001> created at line 46.
    Found 10-bit register for signal <vcount>.
    Found 10-bit comparator greatequal for signal <vsync$cmp_ge0000> created at line 34.
    Found 10-bit comparator less for signal <vsync$cmp_lt0000> created at line 34.
    Summary:
	inferred  25 D-type flip-flop(s).
	inferred   2 Adder/Subtractor(s).
	inferred   6 Comparator(s).
Unit <VGA_LOGIC> synthesized.


Synthesizing Unit <Main>.
    Related source file is "Main.v".
Unit <Main> synthesized.


=========================================================================
HDL Synthesis Report

Macro Statistics
# Adders/Subtractors                                   : 2
 10-bit adder                                          : 2
# Registers                                            : 7
 1-bit register                                        : 5
 10-bit register                                       : 2
# Comparators                                          : 6
 10-bit comparator greatequal                          : 2
 10-bit comparator less                                : 4

=========================================================================

=========================================================================
*                       Advanced HDL Synthesis                          *
=========================================================================


=========================================================================
Advanced HDL Synthesis Report

Macro Statistics
# Adders/Subtractors                                   : 2
 10-bit adder                                          : 2
# Registers                                            : 25
 Flip-Flops                                            : 25
# Comparators                                          : 6
 10-bit comparator greatequal                          : 2
 10-bit comparator less                                : 4

=========================================================================

=========================================================================
*                         Low Level Synthesis                           *
=========================================================================
INFO:Xst:1901 - Instance vga_clock_dcm in unit Main of type DCM has been replaced by DCM_SP

Optimizing unit <Main> ...

Optimizing unit <VGA_LOGIC> ...

Mapping all equations...
Building and optimizing final netlist ...
Found area constraint ratio of 100 (+ 5) on block Main, actual ratio is 0.

Final Macro Processing ...

=========================================================================
Final Register Report

Macro Statistics
# Registers                                            : 25
 Flip-Flops                                            : 25

=========================================================================

=========================================================================
*                           Partition Report                            *
=========================================================================

Partition Implementation Status
-------------------------------

  No Partitions were found in this design.

-------------------------------

=========================================================================
*                            Final Report                               *
=========================================================================
Final Results
RTL Top Level Output File Name     : Main.ngr
Top Level Output File Name         : Main
Output Format                      : NGC
Optimization Goal                  : Speed
Keep Hierarchy                     : No

Design Statistics
# IOs                              : 9

Cell Usage :
# BELS                             : 99
#      GND                         : 1
#      INV                         : 2
#      LUT1                        : 18
#      LUT2                        : 8
#      LUT2_L                      : 1
#      LUT3                        : 1
#      LUT4                        : 22
#      LUT4_D                      : 5
#      LUT4_L                      : 1
#      MUXCY                       : 18
#      MUXF5                       : 1
#      VCC                         : 1
#      XORCY                       : 20
# FlipFlops/Latches                : 25
#      FD                          : 16
#      FDR                         : 9
# Clock Buffers                    : 1
#      BUFG                        : 1
# IO Buffers                       : 9
#      IBUF                        : 3
#      IBUFG                       : 1
#      OBUF                        : 5
# DCMs                             : 1
#      DCM_SP                      : 1
=========================================================================

Device utilization summary:
---------------------------

Selected Device : 3s500eft256-5 

 Number of Slices:                       32  out of   4656     0%  
 Number of Slice Flip Flops:             25  out of   9312     0%  
 Number of 4 input LUTs:                 58  out of   9312     0%  
 Number of IOs:                           9
 Number of bonded IOBs:                   9  out of    190     4%  
 Number of GCLKs:                         1  out of     24     4%  
 Number of DCMs:                          1  out of      4    25%  

---------------------------
Partition Resource Summary:
---------------------------

  No Partitions were found in this design.

---------------------------


=========================================================================
TIMING REPORT

NOTE: THESE TIMING NUMBERS ARE ONLY A SYNTHESIS ESTIMATE.
      FOR ACCURATE TIMING INFORMATION PLEASE REFER TO THE TRACE REPORT
      GENERATED AFTER PLACE-and-ROUTE.

Clock Information:
------------------
-----------------------------------+------------------------+-------+
Clock Signal                       | Clock buffer(FF name)  | Load  |
-----------------------------------+------------------------+-------+
clk50mhz                           | vga_clock_dcm:CLKFX    | 25    |
-----------------------------------+------------------------+-------+

Asynchronous Control Signals Information:
----------------------------------------
No asynchronous control signals found in this design

Timing Summary:
---------------
Speed Grade: -5

   Minimum period: 3.807ns (Maximum Frequency: 262.655MHz)
   Minimum input arrival time before clock: 1.731ns
   Maximum output required time after clock: 4.040ns
   Maximum combinational path delay: No path found

Timing Detail:
--------------
All values displayed in nanoseconds (ns)

=========================================================================
Timing constraint: Default period analysis for Clock 'clk50mhz'
  Clock period: 3.807ns (frequency: 262.655MHz)
  Total number of paths / destination ports: 1356 / 29
-------------------------------------------------------------------------
Delay:               7.615ns (Levels of Logic = 12)
  Source:            vga/vcount_2 (FF)
  Destination:       vga/vsync (FF)
  Source Clock:      clk50mhz rising 0.5X
  Destination Clock: clk50mhz rising 0.5X

  Data Path: vga/vcount_2 to vga/vsync
                                Gate     Net
    Cell:in->out      fanout   Delay   Delay  Logical Name (Net Name)
    ----------------------------------------  ------------
     FD:C->Q               6   0.514   0.721  vga/vcount_2 (vga/vcount_2)
     LUT1:I0->O            1   0.612   0.000  vga/Madd_old_vcount_1_addsub0000_cy<2>_rt (vga/Madd_old_vcount_1_addsub0000_cy<2>_rt)
     MUXCY:S->O            1   0.404   0.000  vga/Madd_old_vcount_1_addsub0000_cy<2> (vga/Madd_old_vcount_1_addsub0000_cy<2>)
     MUXCY:CI->O           1   0.051   0.000  vga/Madd_old_vcount_1_addsub0000_cy<3> (vga/Madd_old_vcount_1_addsub0000_cy<3>)
     MUXCY:CI->O           1   0.051   0.000  vga/Madd_old_vcount_1_addsub0000_cy<4> (vga/Madd_old_vcount_1_addsub0000_cy<4>)
     MUXCY:CI->O           1   0.051   0.000  vga/Madd_old_vcount_1_addsub0000_cy<5> (vga/Madd_old_vcount_1_addsub0000_cy<5>)
     MUXCY:CI->O           1   0.051   0.000  vga/Madd_old_vcount_1_addsub0000_cy<6> (vga/Madd_old_vcount_1_addsub0000_cy<6>)
     MUXCY:CI->O           1   0.051   0.000  vga/Madd_old_vcount_1_addsub0000_cy<7> (vga/Madd_old_vcount_1_addsub0000_cy<7>)
     MUXCY:CI->O           0   0.051   0.000  vga/Madd_old_vcount_1_addsub0000_cy<8> (vga/Madd_old_vcount_1_addsub0000_cy<8>)
     XORCY:CI->O           2   0.699   0.410  vga/Madd_old_vcount_1_addsub0000_xor<9> (vga/old_vcount_1_addsub0000<9>)
     LUT4:I2->O            2   0.612   0.532  vga/_old_vcount_1<9>1 (vga/_old_vcount_1<9>)
     LUT4:I0->O            1   0.612   0.426  vga/vsync_and000074_SW0 (N28)
     LUT4:I1->O            1   0.612   0.357  vga/vsync_and000074 (vga/vsync_and0000)
     FDR:R                     0.795          vga/vsync
    ----------------------------------------
    Total                      7.615ns (5.169ns logic, 2.446ns route)
                                       (67.9% logic, 32.1% route)

=========================================================================
Timing constraint: Default OFFSET IN BEFORE for Clock 'clk50mhz'
  Total number of paths / destination ports: 3 / 3
-------------------------------------------------------------------------
Offset:              1.731ns (Levels of Logic = 1)
  Source:            blue_in (PAD)
  Destination:       vga/blue_out (FF)
  Destination Clock: clk50mhz rising 0.5X

  Data Path: blue_in to vga/blue_out
                                Gate     Net
    Cell:in->out      fanout   Delay   Delay  Logical Name (Net Name)
    ----------------------------------------  ------------
     IBUF:I->O             1   1.106   0.357  blue_in_IBUF (blue_in_IBUF)
     FDR:D                     0.268          vga/blue_out
    ----------------------------------------
    Total                      1.731ns (1.374ns logic, 0.357ns route)
                                       (79.4% logic, 20.6% route)

=========================================================================
Timing constraint: Default OFFSET OUT AFTER for Clock 'clk50mhz'
  Total number of paths / destination ports: 5 / 5
-------------------------------------------------------------------------
Offset:              4.040ns (Levels of Logic = 1)
  Source:            vga/vsync (FF)
  Destination:       vsync (PAD)
  Source Clock:      clk50mhz rising 0.5X

  Data Path: vga/vsync to vsync
                                Gate     Net
    Cell:in->out      fanout   Delay   Delay  Logical Name (Net Name)
    ----------------------------------------  ------------
     FDR:C->Q              1   0.514   0.357  vga/vsync (vga/vsync)
     OBUF:I->O                 3.169          vsync_OBUF (vsync)
    ----------------------------------------
    Total                      4.040ns (3.683ns logic, 0.357ns route)
                                       (91.2% logic, 8.8% route)

=========================================================================


Total REAL time to Xst completion: 7.00 secs
Total CPU time to Xst completion: 6.94 secs
 
--> 

Total memory usage is 211120 kilobytes

Number of errors   :    0 (   0 filtered)
Number of warnings :    2 (   0 filtered)
Number of infos    :    1 (   0 filtered)

